[2016-01-07 09:29:48,329] - main_san_time.<module>.154 - INFO - [(15626, 13), (122712, 13)]
[2016-01-07 09:29:48,331] - main_san_time.<module>.157 - INFO - ****************

uclos = [cn_node,aa_node,path,wrwr,time]
[2016-01-07 09:30:24,337] - main_san_time.<module>.166 - INFO - SVM.SVC* training over****************
[2016-01-07 09:30:48,492] - main_san_time.<module>.171 - INFO - gamma = 0.00000000 ,
[2016-01-07 09:30:48,492] - main_san_time.<module>.172 - INFO - ROC curve (area = 0.76750971)
[2016-01-07 09:31:28,416] - main_san_time.<module>.166 - INFO - SVM.SVC* training over****************
[2016-01-07 09:31:53,762] - main_san_time.<module>.171 - INFO - gamma = 0.10000000 ,
[2016-01-07 09:31:53,763] - main_san_time.<module>.172 - INFO - ROC curve (area = 0.77642781)
[2016-01-07 09:32:29,717] - main_san_time.<module>.166 - INFO - SVM.SVC* training over****************
[2016-01-07 09:32:54,041] - main_san_time.<module>.171 - INFO - gamma = 0.20000000 ,
[2016-01-07 09:32:54,041] - main_san_time.<module>.172 - INFO - ROC curve (area = 0.76751225)
[2016-01-07 09:33:31,268] - main_san_time.<module>.166 - INFO - SVM.SVC* training over****************
[2016-01-07 09:33:56,276] - main_san_time.<module>.171 - INFO - gamma = 0.30000000 ,
[2016-01-07 09:33:56,276] - main_san_time.<module>.172 - INFO - ROC curve (area = 0.76352180)
[2016-01-07 09:34:30,033] - main_san_time.<module>.166 - INFO - SVM.SVC* training over****************
[2016-01-07 09:34:54,019] - main_san_time.<module>.171 - INFO - gamma = 0.40000000 ,
[2016-01-07 09:34:54,019] - main_san_time.<module>.172 - INFO - ROC curve (area = 0.75994280)
[2016-01-07 09:35:26,421] - main_san_time.<module>.166 - INFO - SVM.SVC* training over****************
[2016-01-07 09:35:50,276] - main_san_time.<module>.171 - INFO - gamma = 0.50000000 ,
[2016-01-07 09:35:50,276] - main_san_time.<module>.172 - INFO - ROC curve (area = 0.75617657)
[2016-01-07 09:36:22,097] - main_san_time.<module>.166 - INFO - SVM.SVC* training over****************
[2016-01-07 09:36:46,047] - main_san_time.<module>.171 - INFO - gamma = 0.60000000 ,
[2016-01-07 09:36:46,047] - main_san_time.<module>.172 - INFO - ROC curve (area = 0.75982974)
[2016-01-07 09:37:17,515] - main_san_time.<module>.166 - INFO - SVM.SVC* training over****************
[2016-01-07 09:37:41,231] - main_san_time.<module>.171 - INFO - gamma = 0.70000000 ,
[2016-01-07 09:37:41,232] - main_san_time.<module>.172 - INFO - ROC curve (area = 0.75751068)
[2016-01-07 09:38:12,601] - main_san_time.<module>.166 - INFO - SVM.SVC* training over****************
[2016-01-07 09:38:36,235] - main_san_time.<module>.171 - INFO - gamma = 0.80000000 ,
[2016-01-07 09:38:36,235] - main_san_time.<module>.172 - INFO - ROC curve (area = 0.75608279)
[2016-01-07 09:39:07,163] - main_san_time.<module>.166 - INFO - SVM.SVC* training over****************
[2016-01-07 09:39:30,636] - main_san_time.<module>.171 - INFO - gamma = 0.90000000 ,
[2016-01-07 09:39:30,636] - main_san_time.<module>.172 - INFO - ROC curve (area = 0.75533549)
[2016-01-07 09:39:30,636] - main_san_time.<module>.176 - INFO - ******************
****************

[2016-01-07 09:39:30,636] - main_san_time.<module>.177 - INFO - uclos =  [cn_node,aa_node,path,wrwr,time]
[2016-01-07 09:39:30,636] - main_san_time.<module>.178 - INFO - 0.776427811816
[2016-01-07 09:39:30,637] - main_san_time.<module>.180 - INFO - ******************
****************


[2016-01-07 09:39:30,637] - main_san_time.<module>.186 - INFO - ****************

uclos = [cn_node,aa_node,path,wrwr]
[2016-01-07 09:39:53,132] - main_san_time.<module>.195 - INFO - SVM.SVC* training over****************
[2016-01-07 09:40:11,001] - main_san_time.<module>.200 - INFO - gamma = 0.00000000 ,
[2016-01-07 09:40:11,002] - main_san_time.<module>.201 - INFO - ROC curve (area = 0.78211010)
[2016-01-07 09:40:42,701] - main_san_time.<module>.195 - INFO - SVM.SVC* training over****************
[2016-01-07 09:41:05,448] - main_san_time.<module>.200 - INFO - gamma = 0.10000000 ,
[2016-01-07 09:41:05,448] - main_san_time.<module>.201 - INFO - ROC curve (area = 0.79416970)
